Wed May 14 2014 12:06:26 GMT-0700 (PDT):
{ [Error: The server encountered an internal error. Please retry the request.]
  stack: [Getter/Setter],
  code: 'InternalError',
  statusCode: 500,
  requestId: 'f49245d4155f959987cd39c9615f17c2',
  __frame: 
   { name: 'createSite__3',
     line: 270,
     file: '/usr/local/lib/node_modules/azure-cli/lib/commands/asm/websites/websitesclient._js',
     prev: 
      { name: 'createSite',
        line: 385,
        file: '/usr/local/lib/node_modules/azure-cli/lib/commands/asm/site._js',
        prev: [Object],
        active: false,
        offset: 20,
        col: 21 },
     active: false,
     offset: 19,
     col: 19 },
  rawStack: [Getter] }
Error: The server encountered an internal error. Please retry the request.
    at Function.ServiceClient._normalizeError (/usr/local/lib/node_modules/azure-cli/node_modules/azure-common/lib/services/serviceclient.js:785:23)
    at /usr/local/lib/node_modules/azure-cli/node_modules/azure-common/lib/services/filters/errorhandlingfilter.js:44:29
    at Request._callback (/usr/local/lib/node_modules/azure-cli/node_modules/azure-common/lib/http/request-pipeline.js:109:14)
    at Request.self.callback (/usr/local/lib/node_modules/azure-cli/node_modules/request/request.js:129:22)
    at Request.EventEmitter.emit (events.js:98:17)
    at Request.<anonymous> (/usr/local/lib/node_modules/azure-cli/node_modules/request/request.js:873:14)
    at Request.EventEmitter.emit (events.js:117:20)
    at IncomingMessage.<anonymous> (/usr/local/lib/node_modules/azure-cli/node_modules/request/request.js:824:12)
    at IncomingMessage.EventEmitter.emit (events.js:117:20)
    at _stream_readable.js:920:16
    at createSite__3 (/usr/local/lib/node_modules/azure-cli/lib/commands/asm/websites/websitesclient._js:289:19)
    at createSite (/usr/local/lib/node_modules/azure-cli/lib/commands/asm/site._js:405:21)
    at __4 (/usr/local/lib/node_modules/azure-cli/lib/commands/asm/site._js:252:12)

